2023-10-31 22:55:23,910 [Worker-2: Loading available Gradle versions] INFO  o.e.b.c.i.u.g.PublishedGradleVersions - Gradle version information cache is out-of-date. Trying to update.
2023-10-31 22:55:25,408 [Worker-2: Loading available Gradle versions] INFO  o.e.b.c.i.u.g.PublishedGradleVersions - Updating Gradle version information cache failed. Using outdated cache.
2023-10-31 22:58:39,995 [Worker-3: Building] INFO  o.e.m.c.i.l.LifecycleMappingFactory - Using org.eclipse.m2e.jdt.JarLifecycleMapping lifecycle mapping for MavenProject: org.projects.one:my.firstIdea:0.0.1-SNAPSHOT @ C:\Users\rezgu\OneDrive\Desktop\java exercices\my.firstIdea\pom.xml.
2023-10-31 22:58:41,075 [Worker-3: Building] INFO  o.a.m.s.f.DefaultMavenResourcesFiltering - skip non existing resourceDirectory C:\Users\rezgu\OneDrive\Desktop\java exercices\my.firstIdea\src\main\resources
2023-10-31 22:58:41,083 [Worker-3: Building] INFO  o.a.m.s.f.DefaultMavenResourcesFiltering - skip non existing resourceDirectory C:\Users\rezgu\OneDrive\Desktop\java exercices\my.firstIdea\src\test\resources
2023-10-31 22:58:42,181 [Worker-12: Updating Maven Dependencies] INFO  o.e.m.c.i.l.LifecycleMappingFactory - Using org.eclipse.m2e.jdt.JarLifecycleMapping lifecycle mapping for MavenProject: org.projects.one:my.firstIdea:0.0.1-SNAPSHOT @ C:\Users\rezgu\OneDrive\Desktop\java exercices\my.firstIdea\pom.xml.
2023-10-31 23:02:40,460 [Worker-14: Building] INFO  o.e.m.c.i.l.LifecycleMappingFactory - Using org.eclipse.m2e.jdt.JarLifecycleMapping lifecycle mapping for MavenProject: org.projects.one:my.firstIdea:0.0.1-SNAPSHOT @ C:\Users\rezgu\OneDrive\Desktop\java exercices\my.firstIdea\pom.xml.
2023-10-31 23:02:40,477 [Worker-14: Building] WARN  o.e.m.c.i.embedder.EclipseLogger - The POM for org.apache.tomcat.maven:tomcat-maven-plugin:pom:2.3-SNAPSHOT is missing, no dependency information available
2023-10-31 23:02:41,255 [Worker-14: Building] INFO  o.e.m.c.i.e.AbstractTransferListenerAdapter - Downloading https://repo.maven.apache.org/maven2/javax/javaee-api/8.0/javaee-api-8.0.pom
2023-10-31 23:02:41,369 [Worker-14: Building] INFO  o.e.m.c.i.e.AbstractTransferListenerAdapter - Downloaded https://repo.maven.apache.org/maven2/javax/javaee-api/8.0/javaee-api-8.0.pom
2023-10-31 23:02:41,490 [Worker-14: Building] INFO  o.e.m.c.i.e.AbstractTransferListenerAdapter - Downloading https://repo.maven.apache.org/maven2/com/sun/mail/javax.mail/1.6.0/javax.mail-1.6.0.pom
2023-10-31 23:02:41,558 [Worker-14: Building] INFO  o.e.m.c.i.e.AbstractTransferListenerAdapter - Downloaded https://repo.maven.apache.org/maven2/com/sun/mail/javax.mail/1.6.0/javax.mail-1.6.0.pom
2023-10-31 23:02:41,651 [Worker-14: Building] INFO  o.e.m.c.i.e.AbstractTransferListenerAdapter - Downloading https://repo.maven.apache.org/maven2/com/sun/mail/all/1.6.0/all-1.6.0.pom
2023-10-31 23:02:41,779 [Worker-14: Building] INFO  o.e.m.c.i.e.AbstractTransferListenerAdapter - Downloaded https://repo.maven.apache.org/maven2/com/sun/mail/all/1.6.0/all-1.6.0.pom
2023-10-31 23:02:42,130 [Worker-14: Building] INFO  o.a.m.s.f.DefaultMavenResourcesFiltering - skip non existing resourceDirectory C:\Users\rezgu\OneDrive\Desktop\java exercices\my.firstIdea\src\main\resources
2023-10-31 23:02:42,137 [Worker-14: Building] INFO  o.a.m.s.f.DefaultMavenResourcesFiltering - skip non existing resourceDirectory C:\Users\rezgu\OneDrive\Desktop\java exercices\my.firstIdea\src\test\resources
2023-10-31 23:02:43,165 [Worker-8: Download sources and javadoc] INFO  o.e.m.c.i.e.AbstractTransferListenerAdapter - Downloading https://repo.maven.apache.org/maven2/javax/javaee-api/8.0/javaee-api-8.0-sources.jar
2023-10-31 23:02:45,902 [Worker-8: Download sources and javadoc] INFO  o.e.m.c.i.e.AbstractTransferListenerAdapter - Downloaded https://repo.maven.apache.org/maven2/javax/javaee-api/8.0/javaee-api-8.0-sources.jar
2023-10-31 23:02:45,909 [Worker-8: Download sources and javadoc] INFO  o.e.m.j.internal.DownloadSourcesJob - Downloaded sources for javax:javaee-api:8.0
2023-10-31 23:02:46,174 [Worker-8: Download sources and javadoc] INFO  o.e.m.c.i.e.AbstractTransferListenerAdapter - Downloading https://repo.maven.apache.org/maven2/com/sun/mail/javax.mail/1.6.0/javax.mail-1.6.0-sources.jar
2023-10-31 23:02:46,731 [Worker-8: Download sources and javadoc] INFO  o.e.m.c.i.e.AbstractTransferListenerAdapter - Downloaded https://repo.maven.apache.org/maven2/com/sun/mail/javax.mail/1.6.0/javax.mail-1.6.0-sources.jar
2023-10-31 23:02:46,738 [Worker-8: Download sources and javadoc] INFO  o.e.m.j.internal.DownloadSourcesJob - Downloaded sources for com.sun.mail:javax.mail:1.6.0
2023-10-31 23:03:01,442 [Worker-13: Updating Maven Project] INFO  o.e.m.c.i.p.ProjectConfigurationManager - Update started
2023-10-31 23:03:01,739 [Worker-13: Updating Maven Project] INFO  o.e.m.c.i.l.LifecycleMappingFactory - Using org.eclipse.m2e.jdt.JarLifecycleMapping lifecycle mapping for MavenProject: org.projects.one:my.firstIdea:0.0.1-SNAPSHOT @ C:\Users\rezgu\OneDrive\Desktop\java exercices\my.firstIdea\pom.xml.
2023-10-31 23:03:01,743 [Worker-13: Updating Maven Project] WARN  o.e.m.c.i.embedder.EclipseLogger - The POM for org.apache.tomcat.maven:tomcat-maven-plugin:pom:2.3-SNAPSHOT is missing, no dependency information available
2023-10-31 23:03:02,006 [Worker-13: Updating Maven Project] INFO  o.e.m.j.i.AbstractJavaProjectConfigurator - Adding source folder /my.firstIdea/src/main/java
2023-10-31 23:03:02,007 [Worker-13: Updating Maven Project] INFO  o.e.m.j.i.AbstractJavaProjectConfigurator - Adding resource folder /my.firstIdea/src/main/resources
2023-10-31 23:03:02,008 [Worker-13: Updating Maven Project] INFO  o.e.m.j.i.AbstractJavaProjectConfigurator - Adding source folder /my.firstIdea/src/test/java
2023-10-31 23:03:02,009 [Worker-13: Updating Maven Project] INFO  o.e.m.j.i.AbstractJavaProjectConfigurator - Adding resource folder /my.firstIdea/src/test/resources
2023-10-31 23:03:02,325 [Worker-13: Updating Maven Project] INFO  o.e.m.c.i.p.ProjectConfigurationManager - Update completed for 1 poms: local refresh takes 0,00 sec, refresh facades takes 0,00 sec, update config takes 0,00 sec 
2023-10-31 23:03:02,468 [Worker-8: Building] INFO  o.a.m.s.f.DefaultMavenResourcesFiltering - skip non existing resourceDirectory C:\Users\rezgu\OneDrive\Desktop\java exercices\my.firstIdea\src\main\resources
2023-10-31 23:03:02,483 [Worker-8: Building] INFO  o.a.m.s.f.DefaultMavenResourcesFiltering - skip non existing resourceDirectory C:\Users\rezgu\OneDrive\Desktop\java exercices\my.firstIdea\src\test\resources
2023-10-31 23:04:40,845 [Worker-0: Building] INFO  o.e.m.c.i.l.LifecycleMappingFactory - Using org.eclipse.m2e.jdt.JarLifecycleMapping lifecycle mapping for MavenProject: org.projects.one:my.firstIdea:0.0.1-SNAPSHOT @ C:\Users\rezgu\OneDrive\Desktop\java exercices\my.firstIdea\pom.xml.
2023-10-31 23:04:41,198 [AetherRepositoryConnector-repo.maven.apache.org-0-1] INFO  o.e.m.c.i.e.AbstractTransferListenerAdapter - Downloading https://repo.maven.apache.org/maven2/com/sun/mail/javax.mail/1.6.0/javax.mail-1.6.0.jar
2023-10-31 23:04:41,279 [AetherRepositoryConnector-repo.maven.apache.org-0-0] INFO  o.e.m.c.i.e.AbstractTransferListenerAdapter - Downloading https://repo.maven.apache.org/maven2/javax/javaee-api/8.0/javaee-api-8.0.jar
2023-10-31 23:04:42,814 [AetherRepositoryConnector-repo.maven.apache.org-0-1] INFO  o.e.m.c.i.e.AbstractTransferListenerAdapter - Downloaded https://repo.maven.apache.org/maven2/com/sun/mail/javax.mail/1.6.0/javax.mail-1.6.0.jar
2023-10-31 23:04:43,561 [AetherRepositoryConnector-repo.maven.apache.org-0-0] INFO  o.e.m.c.i.e.AbstractTransferListenerAdapter - Downloaded https://repo.maven.apache.org/maven2/javax/javaee-api/8.0/javaee-api-8.0.jar
2023-10-31 23:04:43,873 [Worker-0: Building] INFO  o.a.m.s.f.DefaultMavenResourcesFiltering - skip non existing resourceDirectory C:\Users\rezgu\OneDrive\Desktop\java exercices\my.firstIdea\src\main\resources
2023-10-31 23:04:43,884 [Worker-0: Building] INFO  o.a.m.s.f.DefaultMavenResourcesFiltering - skip non existing resourceDirectory C:\Users\rezgu\OneDrive\Desktop\java exercices\my.firstIdea\src\test\resources
2023-10-31 23:07:46,558 [Worker-8: Building] INFO  o.e.m.c.i.l.LifecycleMappingFactory - Using org.eclipse.m2e.jdt.JarLifecycleMapping lifecycle mapping for MavenProject: org.projects.one:my.firstIdea:0.0.1-SNAPSHOT @ C:\Users\rezgu\OneDrive\Desktop\java exercices\my.firstIdea\pom.xml.
2023-10-31 23:07:46,919 [Worker-8: Building] INFO  o.e.m.c.i.e.AbstractTransferListenerAdapter - Downloaded https://repo.maven.apache.org/maven2/org/apache/tomcat/maven/tomcat-maven-plugin/1.2/tomcat-maven-plugin-1.2.pom
2023-10-31 23:07:46,921 [Worker-8: Building] WARN  o.e.m.c.i.embedder.EclipseLogger - The POM for org.apache.tomcat.maven:tomcat-maven-plugin:pom:1.2 is missing, no dependency information available
2023-10-31 23:07:47,309 [Worker-8: Building] INFO  o.a.m.s.f.DefaultMavenResourcesFiltering - skip non existing resourceDirectory C:\Users\rezgu\OneDrive\Desktop\java exercices\my.firstIdea\src\main\resources
2023-10-31 23:07:47,314 [Worker-8: Building] INFO  o.a.m.s.f.DefaultMavenResourcesFiltering - skip non existing resourceDirectory C:\Users\rezgu\OneDrive\Desktop\java exercices\my.firstIdea\src\test\resources
2023-10-31 23:08:44,391 [Worker-20: Building] INFO  o.e.m.c.i.l.LifecycleMappingFactory - Using org.eclipse.m2e.jdt.JarLifecycleMapping lifecycle mapping for MavenProject: org.projects.one:my.firstIdea:0.0.1-SNAPSHOT @ C:\Users\rezgu\OneDrive\Desktop\java exercices\my.firstIdea\pom.xml.
2023-10-31 23:08:44,728 [Worker-20: Building] INFO  o.e.m.c.i.e.AbstractTransferListenerAdapter - Downloading https://repo.maven.apache.org/maven2/org/apache/tomcat/tomcat-catalina/11.0.0-M13/tomcat-catalina-11.0.0-M13.pom
2023-10-31 23:08:44,883 [Worker-20: Building] INFO  o.e.m.c.i.e.AbstractTransferListenerAdapter - Downloaded https://repo.maven.apache.org/maven2/org/apache/tomcat/tomcat-catalina/11.0.0-M13/tomcat-catalina-11.0.0-M13.pom
2023-10-31 23:08:44,966 [Worker-20: Building] INFO  o.e.m.c.i.e.AbstractTransferListenerAdapter - Downloading https://repo.maven.apache.org/maven2/org/apache/tomcat/tomcat-servlet-api/11.0.0-M13/tomcat-servlet-api-11.0.0-M13.pom
2023-10-31 23:08:45,072 [Worker-20: Building] INFO  o.e.m.c.i.e.AbstractTransferListenerAdapter - Downloaded https://repo.maven.apache.org/maven2/org/apache/tomcat/tomcat-servlet-api/11.0.0-M13/tomcat-servlet-api-11.0.0-M13.pom
2023-10-31 23:08:45,155 [Worker-20: Building] INFO  o.e.m.c.i.e.AbstractTransferListenerAdapter - Downloading https://repo.maven.apache.org/maven2/org/apache/tomcat/tomcat-jsp-api/11.0.0-M13/tomcat-jsp-api-11.0.0-M13.pom
2023-10-31 23:08:45,334 [Worker-20: Building] INFO  o.e.m.c.i.e.AbstractTransferListenerAdapter - Downloaded https://repo.maven.apache.org/maven2/org/apache/tomcat/tomcat-jsp-api/11.0.0-M13/tomcat-jsp-api-11.0.0-M13.pom
2023-10-31 23:08:45,438 [Worker-20: Building] INFO  o.e.m.c.i.e.AbstractTransferListenerAdapter - Downloading https://repo.maven.apache.org/maven2/org/apache/tomcat/tomcat-el-api/11.0.0-M13/tomcat-el-api-11.0.0-M13.pom
2023-10-31 23:08:45,524 [Worker-20: Building] INFO  o.e.m.c.i.e.AbstractTransferListenerAdapter - Downloaded https://repo.maven.apache.org/maven2/org/apache/tomcat/tomcat-el-api/11.0.0-M13/tomcat-el-api-11.0.0-M13.pom
2023-10-31 23:08:45,592 [Worker-20: Building] INFO  o.e.m.c.i.e.AbstractTransferListenerAdapter - Downloading https://repo.maven.apache.org/maven2/org/apache/tomcat/tomcat-juli/11.0.0-M13/tomcat-juli-11.0.0-M13.pom
2023-10-31 23:08:45,724 [Worker-20: Building] INFO  o.e.m.c.i.e.AbstractTransferListenerAdapter - Downloaded https://repo.maven.apache.org/maven2/org/apache/tomcat/tomcat-juli/11.0.0-M13/tomcat-juli-11.0.0-M13.pom
2023-10-31 23:08:45,882 [Worker-20: Building] INFO  o.e.m.c.i.e.AbstractTransferListenerAdapter - Downloading https://repo.maven.apache.org/maven2/org/apache/tomcat/tomcat-annotations-api/11.0.0-M13/tomcat-annotations-api-11.0.0-M13.pom
2023-10-31 23:08:46,001 [Worker-20: Building] INFO  o.e.m.c.i.e.AbstractTransferListenerAdapter - Downloaded https://repo.maven.apache.org/maven2/org/apache/tomcat/tomcat-annotations-api/11.0.0-M13/tomcat-annotations-api-11.0.0-M13.pom
2023-10-31 23:08:46,163 [Worker-20: Building] INFO  o.e.m.c.i.e.AbstractTransferListenerAdapter - Downloading https://repo.maven.apache.org/maven2/org/apache/tomcat/tomcat-api/11.0.0-M13/tomcat-api-11.0.0-M13.pom
2023-10-31 23:08:46,397 [Worker-20: Building] INFO  o.e.m.c.i.e.AbstractTransferListenerAdapter - Downloaded https://repo.maven.apache.org/maven2/org/apache/tomcat/tomcat-api/11.0.0-M13/tomcat-api-11.0.0-M13.pom
2023-10-31 23:08:46,538 [Worker-20: Building] INFO  o.e.m.c.i.e.AbstractTransferListenerAdapter - Downloading https://repo.maven.apache.org/maven2/org/apache/tomcat/tomcat-jni/11.0.0-M13/tomcat-jni-11.0.0-M13.pom
2023-10-31 23:08:46,801 [Worker-20: Building] INFO  o.e.m.c.i.e.AbstractTransferListenerAdapter - Downloaded https://repo.maven.apache.org/maven2/org/apache/tomcat/tomcat-jni/11.0.0-M13/tomcat-jni-11.0.0-M13.pom
2023-10-31 23:08:47,067 [Worker-20: Building] INFO  o.e.m.c.i.e.AbstractTransferListenerAdapter - Downloading https://repo.maven.apache.org/maven2/org/apache/tomcat/tomcat-coyote/11.0.0-M13/tomcat-coyote-11.0.0-M13.pom
2023-10-31 23:08:47,319 [Worker-20: Building] INFO  o.e.m.c.i.e.AbstractTransferListenerAdapter - Downloaded https://repo.maven.apache.org/maven2/org/apache/tomcat/tomcat-coyote/11.0.0-M13/tomcat-coyote-11.0.0-M13.pom
2023-10-31 23:08:47,514 [Worker-20: Building] INFO  o.e.m.c.i.e.AbstractTransferListenerAdapter - Downloading https://repo.maven.apache.org/maven2/org/apache/tomcat/tomcat-util/11.0.0-M13/tomcat-util-11.0.0-M13.pom
2023-10-31 23:08:47,735 [Worker-20: Building] INFO  o.e.m.c.i.e.AbstractTransferListenerAdapter - Downloaded https://repo.maven.apache.org/maven2/org/apache/tomcat/tomcat-util/11.0.0-M13/tomcat-util-11.0.0-M13.pom
2023-10-31 23:08:47,953 [Worker-20: Building] INFO  o.e.m.c.i.e.AbstractTransferListenerAdapter - Downloading https://repo.maven.apache.org/maven2/org/apache/tomcat/tomcat-util-scan/11.0.0-M13/tomcat-util-scan-11.0.0-M13.pom
2023-10-31 23:08:48,099 [Worker-20: Building] INFO  o.e.m.c.i.e.AbstractTransferListenerAdapter - Downloaded https://repo.maven.apache.org/maven2/org/apache/tomcat/tomcat-util-scan/11.0.0-M13/tomcat-util-scan-11.0.0-M13.pom
2023-10-31 23:08:48,285 [Worker-20: Building] INFO  o.e.m.c.i.e.AbstractTransferListenerAdapter - Downloading https://repo.maven.apache.org/maven2/org/apache/tomcat/tomcat-jaspic-api/11.0.0-M13/tomcat-jaspic-api-11.0.0-M13.pom
2023-10-31 23:08:48,503 [Worker-20: Building] INFO  o.e.m.c.i.e.AbstractTransferListenerAdapter - Downloaded https://repo.maven.apache.org/maven2/org/apache/tomcat/tomcat-jaspic-api/11.0.0-M13/tomcat-jaspic-api-11.0.0-M13.pom
2023-10-31 23:08:48,657 [AetherRepositoryConnector-repo.maven.apache.org-1-0] INFO  o.e.m.c.i.e.AbstractTransferListenerAdapter - Downloading https://repo.maven.apache.org/maven2/org/apache/tomcat/tomcat-catalina/11.0.0-M13/tomcat-catalina-11.0.0-M13.jar
2023-10-31 23:08:48,724 [AetherRepositoryConnector-repo.maven.apache.org-1-4] INFO  o.e.m.c.i.e.AbstractTransferListenerAdapter - Downloading https://repo.maven.apache.org/maven2/org/apache/tomcat/tomcat-juli/11.0.0-M13/tomcat-juli-11.0.0-M13.jar
2023-10-31 23:08:48,724 [AetherRepositoryConnector-repo.maven.apache.org-1-2] INFO  o.e.m.c.i.e.AbstractTransferListenerAdapter - Downloading https://repo.maven.apache.org/maven2/org/apache/tomcat/tomcat-jsp-api/11.0.0-M13/tomcat-jsp-api-11.0.0-M13.jar
2023-10-31 23:08:48,725 [AetherRepositoryConnector-repo.maven.apache.org-1-1] INFO  o.e.m.c.i.e.AbstractTransferListenerAdapter - Downloading https://repo.maven.apache.org/maven2/org/apache/tomcat/tomcat-servlet-api/11.0.0-M13/tomcat-servlet-api-11.0.0-M13.jar
2023-10-31 23:08:48,724 [AetherRepositoryConnector-repo.maven.apache.org-1-3] INFO  o.e.m.c.i.e.AbstractTransferListenerAdapter - Downloading https://repo.maven.apache.org/maven2/org/apache/tomcat/tomcat-el-api/11.0.0-M13/tomcat-el-api-11.0.0-M13.jar
2023-10-31 23:08:49,223 [AetherRepositoryConnector-repo.maven.apache.org-1-4] INFO  o.e.m.c.i.e.AbstractTransferListenerAdapter - Downloaded https://repo.maven.apache.org/maven2/org/apache/tomcat/tomcat-juli/11.0.0-M13/tomcat-juli-11.0.0-M13.jar
2023-10-31 23:08:49,371 [AetherRepositoryConnector-repo.maven.apache.org-1-2] INFO  o.e.m.c.i.e.AbstractTransferListenerAdapter - Downloaded https://repo.maven.apache.org/maven2/org/apache/tomcat/tomcat-jsp-api/11.0.0-M13/tomcat-jsp-api-11.0.0-M13.jar
2023-10-31 23:08:49,444 [AetherRepositoryConnector-repo.maven.apache.org-1-4] INFO  o.e.m.c.i.e.AbstractTransferListenerAdapter - Downloading https://repo.maven.apache.org/maven2/org/apache/tomcat/tomcat-annotations-api/11.0.0-M13/tomcat-annotations-api-11.0.0-M13.jar
2023-10-31 23:08:49,450 [AetherRepositoryConnector-repo.maven.apache.org-1-3] INFO  o.e.m.c.i.e.AbstractTransferListenerAdapter - Downloaded https://repo.maven.apache.org/maven2/org/apache/tomcat/tomcat-el-api/11.0.0-M13/tomcat-el-api-11.0.0-M13.jar
2023-10-31 23:08:49,571 [AetherRepositoryConnector-repo.maven.apache.org-1-2] INFO  o.e.m.c.i.e.AbstractTransferListenerAdapter - Downloading https://repo.maven.apache.org/maven2/org/apache/tomcat/tomcat-api/11.0.0-M13/tomcat-api-11.0.0-M13.jar
2023-10-31 23:08:49,727 [AetherRepositoryConnector-repo.maven.apache.org-1-3] INFO  o.e.m.c.i.e.AbstractTransferListenerAdapter - Downloading https://repo.maven.apache.org/maven2/org/apache/tomcat/tomcat-jni/11.0.0-M13/tomcat-jni-11.0.0-M13.jar
2023-10-31 23:08:49,734 [AetherRepositoryConnector-repo.maven.apache.org-1-4] INFO  o.e.m.c.i.e.AbstractTransferListenerAdapter - Downloaded https://repo.maven.apache.org/maven2/org/apache/tomcat/tomcat-annotations-api/11.0.0-M13/tomcat-annotations-api-11.0.0-M13.jar
2023-10-31 23:08:49,779 [AetherRepositoryConnector-repo.maven.apache.org-1-2] INFO  o.e.m.c.i.e.AbstractTransferListenerAdapter - Downloaded https://repo.maven.apache.org/maven2/org/apache/tomcat/tomcat-api/11.0.0-M13/tomcat-api-11.0.0-M13.jar
2023-10-31 23:08:49,890 [AetherRepositoryConnector-repo.maven.apache.org-1-1] INFO  o.e.m.c.i.e.AbstractTransferListenerAdapter - Downloaded https://repo.maven.apache.org/maven2/org/apache/tomcat/tomcat-servlet-api/11.0.0-M13/tomcat-servlet-api-11.0.0-M13.jar
2023-10-31 23:08:49,918 [AetherRepositoryConnector-repo.maven.apache.org-1-4] INFO  o.e.m.c.i.e.AbstractTransferListenerAdapter - Downloading https://repo.maven.apache.org/maven2/org/apache/tomcat/tomcat-coyote/11.0.0-M13/tomcat-coyote-11.0.0-M13.jar
2023-10-31 23:08:49,973 [AetherRepositoryConnector-repo.maven.apache.org-1-2] INFO  o.e.m.c.i.e.AbstractTransferListenerAdapter - Downloading https://repo.maven.apache.org/maven2/org/apache/tomcat/tomcat-util/11.0.0-M13/tomcat-util-11.0.0-M13.jar
2023-10-31 23:08:49,979 [AetherRepositoryConnector-repo.maven.apache.org-1-3] INFO  o.e.m.c.i.e.AbstractTransferListenerAdapter - Downloaded https://repo.maven.apache.org/maven2/org/apache/tomcat/tomcat-jni/11.0.0-M13/tomcat-jni-11.0.0-M13.jar
2023-10-31 23:08:50,102 [AetherRepositoryConnector-repo.maven.apache.org-1-1] INFO  o.e.m.c.i.e.AbstractTransferListenerAdapter - Downloading https://repo.maven.apache.org/maven2/org/apache/tomcat/tomcat-util-scan/11.0.0-M13/tomcat-util-scan-11.0.0-M13.jar
2023-10-31 23:08:50,191 [AetherRepositoryConnector-repo.maven.apache.org-1-3] INFO  o.e.m.c.i.e.AbstractTransferListenerAdapter - Downloading https://repo.maven.apache.org/maven2/org/apache/tomcat/tomcat-jaspic-api/11.0.0-M13/tomcat-jaspic-api-11.0.0-M13.jar
2023-10-31 23:08:50,819 [AetherRepositoryConnector-repo.maven.apache.org-1-3] INFO  o.e.m.c.i.e.AbstractTransferListenerAdapter - Downloaded https://repo.maven.apache.org/maven2/org/apache/tomcat/tomcat-jaspic-api/11.0.0-M13/tomcat-jaspic-api-11.0.0-M13.jar
2023-10-31 23:08:51,054 [AetherRepositoryConnector-repo.maven.apache.org-1-2] INFO  o.e.m.c.i.e.AbstractTransferListenerAdapter - Downloaded https://repo.maven.apache.org/maven2/org/apache/tomcat/tomcat-util/11.0.0-M13/tomcat-util-11.0.0-M13.jar
2023-10-31 23:08:51,400 [AetherRepositoryConnector-repo.maven.apache.org-1-1] INFO  o.e.m.c.i.e.AbstractTransferListenerAdapter - Downloaded https://repo.maven.apache.org/maven2/org/apache/tomcat/tomcat-util-scan/11.0.0-M13/tomcat-util-scan-11.0.0-M13.jar
2023-10-31 23:08:52,252 [AetherRepositoryConnector-repo.maven.apache.org-1-4] INFO  o.e.m.c.i.e.AbstractTransferListenerAdapter - Downloaded https://repo.maven.apache.org/maven2/org/apache/tomcat/tomcat-coyote/11.0.0-M13/tomcat-coyote-11.0.0-M13.jar
2023-10-31 23:08:52,333 [AetherRepositoryConnector-repo.maven.apache.org-1-0] INFO  o.e.m.c.i.e.AbstractTransferListenerAdapter - Downloaded https://repo.maven.apache.org/maven2/org/apache/tomcat/tomcat-catalina/11.0.0-M13/tomcat-catalina-11.0.0-M13.jar
2023-10-31 23:08:52,867 [Worker-20: Building] INFO  o.a.m.s.f.DefaultMavenResourcesFiltering - skip non existing resourceDirectory C:\Users\rezgu\OneDrive\Desktop\java exercices\my.firstIdea\src\main\resources
2023-10-31 23:08:52,924 [Worker-20: Building] INFO  o.a.m.s.f.DefaultMavenResourcesFiltering - skip non existing resourceDirectory C:\Users\rezgu\OneDrive\Desktop\java exercices\my.firstIdea\src\test\resources
2023-10-31 23:08:53,970 [Worker-21: Download sources and javadoc] INFO  o.e.m.c.i.e.AbstractTransferListenerAdapter - Downloading https://repo.maven.apache.org/maven2/org/apache/tomcat/tomcat-catalina/11.0.0-M13/tomcat-catalina-11.0.0-M13-sources.jar
2023-10-31 23:08:56,130 [Worker-21: Download sources and javadoc] INFO  o.e.m.c.i.e.AbstractTransferListenerAdapter - Downloaded https://repo.maven.apache.org/maven2/org/apache/tomcat/tomcat-catalina/11.0.0-M13/tomcat-catalina-11.0.0-M13-sources.jar
2023-10-31 23:08:56,142 [Worker-21: Download sources and javadoc] INFO  o.e.m.j.internal.DownloadSourcesJob - Downloaded sources for org.apache.tomcat:tomcat-catalina:11.0.0-M13
2023-10-31 23:08:56,497 [Worker-21: Download sources and javadoc] INFO  o.e.m.c.i.e.AbstractTransferListenerAdapter - Downloading https://repo.maven.apache.org/maven2/org/apache/tomcat/tomcat-servlet-api/11.0.0-M13/tomcat-servlet-api-11.0.0-M13-sources.jar
2023-10-31 23:08:57,147 [Worker-21: Download sources and javadoc] INFO  o.e.m.c.i.e.AbstractTransferListenerAdapter - Downloaded https://repo.maven.apache.org/maven2/org/apache/tomcat/tomcat-servlet-api/11.0.0-M13/tomcat-servlet-api-11.0.0-M13-sources.jar
2023-10-31 23:08:57,153 [Worker-21: Download sources and javadoc] INFO  o.e.m.j.internal.DownloadSourcesJob - Downloaded sources for org.apache.tomcat:tomcat-servlet-api:11.0.0-M13
2023-10-31 23:08:57,494 [Worker-21: Download sources and javadoc] INFO  o.e.m.c.i.e.AbstractTransferListenerAdapter - Downloading https://repo.maven.apache.org/maven2/org/apache/tomcat/tomcat-jsp-api/11.0.0-M13/tomcat-jsp-api-11.0.0-M13-sources.jar
2023-10-31 23:08:57,761 [Worker-21: Download sources and javadoc] INFO  o.e.m.c.i.e.AbstractTransferListenerAdapter - Downloaded https://repo.maven.apache.org/maven2/org/apache/tomcat/tomcat-jsp-api/11.0.0-M13/tomcat-jsp-api-11.0.0-M13-sources.jar
2023-10-31 23:08:57,772 [Worker-21: Download sources and javadoc] INFO  o.e.m.j.internal.DownloadSourcesJob - Downloaded sources for org.apache.tomcat:tomcat-jsp-api:11.0.0-M13
2023-10-31 23:08:58,134 [Worker-21: Download sources and javadoc] INFO  o.e.m.c.i.e.AbstractTransferListenerAdapter - Downloading https://repo.maven.apache.org/maven2/org/apache/tomcat/tomcat-el-api/11.0.0-M13/tomcat-el-api-11.0.0-M13-sources.jar
2023-10-31 23:08:58,418 [Worker-21: Download sources and javadoc] INFO  o.e.m.c.i.e.AbstractTransferListenerAdapter - Downloaded https://repo.maven.apache.org/maven2/org/apache/tomcat/tomcat-el-api/11.0.0-M13/tomcat-el-api-11.0.0-M13-sources.jar
2023-10-31 23:08:58,427 [Worker-21: Download sources and javadoc] INFO  o.e.m.j.internal.DownloadSourcesJob - Downloaded sources for org.apache.tomcat:tomcat-el-api:11.0.0-M13
2023-10-31 23:08:58,757 [Worker-21: Download sources and javadoc] INFO  o.e.m.c.i.e.AbstractTransferListenerAdapter - Downloading https://repo.maven.apache.org/maven2/org/apache/tomcat/tomcat-juli/11.0.0-M13/tomcat-juli-11.0.0-M13-sources.jar
2023-10-31 23:08:58,936 [Worker-21: Download sources and javadoc] INFO  o.e.m.c.i.e.AbstractTransferListenerAdapter - Downloaded https://repo.maven.apache.org/maven2/org/apache/tomcat/tomcat-juli/11.0.0-M13/tomcat-juli-11.0.0-M13-sources.jar
2023-10-31 23:08:58,946 [Worker-21: Download sources and javadoc] INFO  o.e.m.j.internal.DownloadSourcesJob - Downloaded sources for org.apache.tomcat:tomcat-juli:11.0.0-M13
2023-10-31 23:08:59,363 [Worker-21: Download sources and javadoc] INFO  o.e.m.c.i.e.AbstractTransferListenerAdapter - Downloading https://repo.maven.apache.org/maven2/org/apache/tomcat/tomcat-annotations-api/11.0.0-M13/tomcat-annotations-api-11.0.0-M13-sources.jar
2023-10-31 23:08:59,538 [Worker-21: Download sources and javadoc] INFO  o.e.m.c.i.e.AbstractTransferListenerAdapter - Downloaded https://repo.maven.apache.org/maven2/org/apache/tomcat/tomcat-annotations-api/11.0.0-M13/tomcat-annotations-api-11.0.0-M13-sources.jar
2023-10-31 23:08:59,548 [Worker-21: Download sources and javadoc] INFO  o.e.m.j.internal.DownloadSourcesJob - Downloaded sources for org.apache.tomcat:tomcat-annotations-api:11.0.0-M13
2023-10-31 23:08:59,934 [Worker-21: Download sources and javadoc] INFO  o.e.m.c.i.e.AbstractTransferListenerAdapter - Downloading https://repo.maven.apache.org/maven2/org/apache/tomcat/tomcat-api/11.0.0-M13/tomcat-api-11.0.0-M13-sources.jar
2023-10-31 23:09:00,119 [Worker-21: Download sources and javadoc] INFO  o.e.m.c.i.e.AbstractTransferListenerAdapter - Downloaded https://repo.maven.apache.org/maven2/org/apache/tomcat/tomcat-api/11.0.0-M13/tomcat-api-11.0.0-M13-sources.jar
2023-10-31 23:09:00,128 [Worker-21: Download sources and javadoc] INFO  o.e.m.j.internal.DownloadSourcesJob - Downloaded sources for org.apache.tomcat:tomcat-api:11.0.0-M13
2023-10-31 23:09:00,496 [Worker-21: Download sources and javadoc] INFO  o.e.m.c.i.e.AbstractTransferListenerAdapter - Downloading https://repo.maven.apache.org/maven2/org/apache/tomcat/tomcat-jni/11.0.0-M13/tomcat-jni-11.0.0-M13-sources.jar
2023-10-31 23:09:00,685 [Worker-21: Download sources and javadoc] INFO  o.e.m.c.i.e.AbstractTransferListenerAdapter - Downloaded https://repo.maven.apache.org/maven2/org/apache/tomcat/tomcat-jni/11.0.0-M13/tomcat-jni-11.0.0-M13-sources.jar
2023-10-31 23:09:00,693 [Worker-21: Download sources and javadoc] INFO  o.e.m.j.internal.DownloadSourcesJob - Downloaded sources for org.apache.tomcat:tomcat-jni:11.0.0-M13
2023-10-31 23:09:01,085 [Worker-21: Download sources and javadoc] INFO  o.e.m.c.i.e.AbstractTransferListenerAdapter - Downloading https://repo.maven.apache.org/maven2/org/apache/tomcat/tomcat-coyote/11.0.0-M13/tomcat-coyote-11.0.0-M13-sources.jar
2023-10-31 23:09:02,557 [Worker-21: Download sources and javadoc] INFO  o.e.m.c.i.e.AbstractTransferListenerAdapter - Downloaded https://repo.maven.apache.org/maven2/org/apache/tomcat/tomcat-coyote/11.0.0-M13/tomcat-coyote-11.0.0-M13-sources.jar
2023-10-31 23:09:02,578 [Worker-21: Download sources and javadoc] INFO  o.e.m.j.internal.DownloadSourcesJob - Downloaded sources for org.apache.tomcat:tomcat-coyote:11.0.0-M13
2023-10-31 23:09:02,981 [Worker-21: Download sources and javadoc] INFO  o.e.m.c.i.e.AbstractTransferListenerAdapter - Downloading https://repo.maven.apache.org/maven2/org/apache/tomcat/tomcat-util/11.0.0-M13/tomcat-util-11.0.0-M13-sources.jar
2023-10-31 23:09:03,504 [Worker-21: Download sources and javadoc] INFO  o.e.m.c.i.e.AbstractTransferListenerAdapter - Downloaded https://repo.maven.apache.org/maven2/org/apache/tomcat/tomcat-util/11.0.0-M13/tomcat-util-11.0.0-M13-sources.jar
2023-10-31 23:09:03,517 [Worker-21: Download sources and javadoc] INFO  o.e.m.j.internal.DownloadSourcesJob - Downloaded sources for org.apache.tomcat:tomcat-util:11.0.0-M13
2023-10-31 23:09:03,995 [Worker-21: Download sources and javadoc] INFO  o.e.m.c.i.e.AbstractTransferListenerAdapter - Downloading https://repo.maven.apache.org/maven2/org/apache/tomcat/tomcat-util-scan/11.0.0-M13/tomcat-util-scan-11.0.0-M13-sources.jar
2023-10-31 23:09:04,668 [Worker-21: Download sources and javadoc] INFO  o.e.m.c.i.e.AbstractTransferListenerAdapter - Downloaded https://repo.maven.apache.org/maven2/org/apache/tomcat/tomcat-util-scan/11.0.0-M13/tomcat-util-scan-11.0.0-M13-sources.jar
2023-10-31 23:09:04,679 [Worker-21: Download sources and javadoc] INFO  o.e.m.j.internal.DownloadSourcesJob - Downloaded sources for org.apache.tomcat:tomcat-util-scan:11.0.0-M13
2023-10-31 23:09:05,090 [Worker-21: Download sources and javadoc] INFO  o.e.m.c.i.e.AbstractTransferListenerAdapter - Downloading https://repo.maven.apache.org/maven2/org/apache/tomcat/tomcat-jaspic-api/11.0.0-M13/tomcat-jaspic-api-11.0.0-M13-sources.jar
2023-10-31 23:09:05,290 [Worker-21: Download sources and javadoc] INFO  o.e.m.c.i.e.AbstractTransferListenerAdapter - Downloaded https://repo.maven.apache.org/maven2/org/apache/tomcat/tomcat-jaspic-api/11.0.0-M13/tomcat-jaspic-api-11.0.0-M13-sources.jar
2023-10-31 23:09:05,302 [Worker-21: Download sources and javadoc] INFO  o.e.m.j.internal.DownloadSourcesJob - Downloaded sources for org.apache.tomcat:tomcat-jaspic-api:11.0.0-M13
2023-10-31 23:09:33,691 [Worker-8: Building] INFO  o.e.m.c.i.l.LifecycleMappingFactory - Using org.eclipse.m2e.jdt.JarLifecycleMapping lifecycle mapping for MavenProject: org.projects.one:my.firstIdea:0.0.1-SNAPSHOT @ C:\Users\rezgu\OneDrive\Desktop\java exercices\my.firstIdea\pom.xml.
2023-10-31 23:09:34,059 [Worker-8: Building] INFO  o.e.m.c.i.e.AbstractTransferListenerAdapter - Downloading https://repo.maven.apache.org/maven2/org/apache/tomcat/tomcat-catalina/10.0.27/tomcat-catalina-10.0.27.pom
2023-10-31 23:09:34,207 [Worker-8: Building] INFO  o.e.m.c.i.e.AbstractTransferListenerAdapter - Downloaded https://repo.maven.apache.org/maven2/org/apache/tomcat/tomcat-catalina/10.0.27/tomcat-catalina-10.0.27.pom
2023-10-31 23:09:34,273 [Worker-8: Building] INFO  o.e.m.c.i.e.AbstractTransferListenerAdapter - Downloading https://repo.maven.apache.org/maven2/org/apache/tomcat/tomcat-servlet-api/10.0.27/tomcat-servlet-api-10.0.27.pom
2023-10-31 23:09:34,371 [Worker-8: Building] INFO  o.e.m.c.i.e.AbstractTransferListenerAdapter - Downloaded https://repo.maven.apache.org/maven2/org/apache/tomcat/tomcat-servlet-api/10.0.27/tomcat-servlet-api-10.0.27.pom
2023-10-31 23:09:34,449 [Worker-8: Building] INFO  o.e.m.c.i.e.AbstractTransferListenerAdapter - Downloading https://repo.maven.apache.org/maven2/org/apache/tomcat/tomcat-jsp-api/10.0.27/tomcat-jsp-api-10.0.27.pom
2023-10-31 23:09:34,532 [Worker-8: Building] INFO  o.e.m.c.i.e.AbstractTransferListenerAdapter - Downloaded https://repo.maven.apache.org/maven2/org/apache/tomcat/tomcat-jsp-api/10.0.27/tomcat-jsp-api-10.0.27.pom
2023-10-31 23:09:34,641 [Worker-8: Building] INFO  o.e.m.c.i.e.AbstractTransferListenerAdapter - Downloading https://repo.maven.apache.org/maven2/org/apache/tomcat/tomcat-el-api/10.0.27/tomcat-el-api-10.0.27.pom
2023-10-31 23:09:34,734 [Worker-8: Building] INFO  o.e.m.c.i.e.AbstractTransferListenerAdapter - Downloaded https://repo.maven.apache.org/maven2/org/apache/tomcat/tomcat-el-api/10.0.27/tomcat-el-api-10.0.27.pom
2023-10-31 23:09:34,813 [Worker-8: Building] INFO  o.e.m.c.i.e.AbstractTransferListenerAdapter - Downloading https://repo.maven.apache.org/maven2/org/apache/tomcat/tomcat-juli/10.0.27/tomcat-juli-10.0.27.pom
2023-10-31 23:09:34,882 [Worker-8: Building] INFO  o.e.m.c.i.e.AbstractTransferListenerAdapter - Downloaded https://repo.maven.apache.org/maven2/org/apache/tomcat/tomcat-juli/10.0.27/tomcat-juli-10.0.27.pom
2023-10-31 23:09:34,973 [Worker-8: Building] INFO  o.e.m.c.i.e.AbstractTransferListenerAdapter - Downloading https://repo.maven.apache.org/maven2/org/apache/tomcat/tomcat-annotations-api/10.0.27/tomcat-annotations-api-10.0.27.pom
2023-10-31 23:09:35,050 [Worker-8: Building] INFO  o.e.m.c.i.e.AbstractTransferListenerAdapter - Downloaded https://repo.maven.apache.org/maven2/org/apache/tomcat/tomcat-annotations-api/10.0.27/tomcat-annotations-api-10.0.27.pom
2023-10-31 23:09:35,161 [Worker-8: Building] INFO  o.e.m.c.i.e.AbstractTransferListenerAdapter - Downloading https://repo.maven.apache.org/maven2/org/apache/tomcat/tomcat-api/10.0.27/tomcat-api-10.0.27.pom
2023-10-31 23:09:35,235 [Worker-8: Building] INFO  o.e.m.c.i.e.AbstractTransferListenerAdapter - Downloaded https://repo.maven.apache.org/maven2/org/apache/tomcat/tomcat-api/10.0.27/tomcat-api-10.0.27.pom
2023-10-31 23:09:35,318 [Worker-8: Building] INFO  o.e.m.c.i.e.AbstractTransferListenerAdapter - Downloading https://repo.maven.apache.org/maven2/org/apache/tomcat/tomcat-jni/10.0.27/tomcat-jni-10.0.27.pom
2023-10-31 23:09:35,398 [Worker-8: Building] INFO  o.e.m.c.i.e.AbstractTransferListenerAdapter - Downloaded https://repo.maven.apache.org/maven2/org/apache/tomcat/tomcat-jni/10.0.27/tomcat-jni-10.0.27.pom
2023-10-31 23:09:35,479 [Worker-8: Building] INFO  o.e.m.c.i.e.AbstractTransferListenerAdapter - Downloading https://repo.maven.apache.org/maven2/org/apache/tomcat/tomcat-coyote/10.0.27/tomcat-coyote-10.0.27.pom
2023-10-31 23:09:35,558 [Worker-8: Building] INFO  o.e.m.c.i.e.AbstractTransferListenerAdapter - Downloaded https://repo.maven.apache.org/maven2/org/apache/tomcat/tomcat-coyote/10.0.27/tomcat-coyote-10.0.27.pom
2023-10-31 23:09:35,637 [Worker-8: Building] INFO  o.e.m.c.i.e.AbstractTransferListenerAdapter - Downloading https://repo.maven.apache.org/maven2/org/apache/tomcat/tomcat-util/10.0.27/tomcat-util-10.0.27.pom
2023-10-31 23:09:35,728 [Worker-8: Building] INFO  o.e.m.c.i.e.AbstractTransferListenerAdapter - Downloaded https://repo.maven.apache.org/maven2/org/apache/tomcat/tomcat-util/10.0.27/tomcat-util-10.0.27.pom
2023-10-31 23:09:35,861 [Worker-8: Building] INFO  o.e.m.c.i.e.AbstractTransferListenerAdapter - Downloading https://repo.maven.apache.org/maven2/org/apache/tomcat/tomcat-util-scan/10.0.27/tomcat-util-scan-10.0.27.pom
2023-10-31 23:09:36,088 [Worker-8: Building] INFO  o.e.m.c.i.e.AbstractTransferListenerAdapter - Downloaded https://repo.maven.apache.org/maven2/org/apache/tomcat/tomcat-util-scan/10.0.27/tomcat-util-scan-10.0.27.pom
2023-10-31 23:09:36,236 [Worker-8: Building] INFO  o.e.m.c.i.e.AbstractTransferListenerAdapter - Downloading https://repo.maven.apache.org/maven2/org/apache/tomcat/tomcat-jaspic-api/10.0.27/tomcat-jaspic-api-10.0.27.pom
2023-10-31 23:09:36,479 [Worker-8: Building] INFO  o.e.m.c.i.e.AbstractTransferListenerAdapter - Downloaded https://repo.maven.apache.org/maven2/org/apache/tomcat/tomcat-jaspic-api/10.0.27/tomcat-jaspic-api-10.0.27.pom
2023-10-31 23:09:36,794 [AetherRepositoryConnector-repo.maven.apache.org-2-2] INFO  o.e.m.c.i.e.AbstractTransferListenerAdapter - Downloading https://repo.maven.apache.org/maven2/org/apache/tomcat/tomcat-jsp-api/10.0.27/tomcat-jsp-api-10.0.27.jar
2023-10-31 23:09:37,009 [AetherRepositoryConnector-repo.maven.apache.org-2-0] INFO  o.e.m.c.i.e.AbstractTransferListenerAdapter - Downloading https://repo.maven.apache.org/maven2/org/apache/tomcat/tomcat-catalina/10.0.27/tomcat-catalina-10.0.27.jar
2023-10-31 23:09:37,009 [AetherRepositoryConnector-repo.maven.apache.org-2-1] INFO  o.e.m.c.i.e.AbstractTransferListenerAdapter - Downloading https://repo.maven.apache.org/maven2/org/apache/tomcat/tomcat-servlet-api/10.0.27/tomcat-servlet-api-10.0.27.jar
2023-10-31 23:09:37,034 [AetherRepositoryConnector-repo.maven.apache.org-2-4] INFO  o.e.m.c.i.e.AbstractTransferListenerAdapter - Downloading https://repo.maven.apache.org/maven2/org/apache/tomcat/tomcat-juli/10.0.27/tomcat-juli-10.0.27.jar
2023-10-31 23:09:37,034 [AetherRepositoryConnector-repo.maven.apache.org-2-3] INFO  o.e.m.c.i.e.AbstractTransferListenerAdapter - Downloading https://repo.maven.apache.org/maven2/org/apache/tomcat/tomcat-el-api/10.0.27/tomcat-el-api-10.0.27.jar
2023-10-31 23:09:37,821 [AetherRepositoryConnector-repo.maven.apache.org-2-2] INFO  o.e.m.c.i.e.AbstractTransferListenerAdapter - Downloaded https://repo.maven.apache.org/maven2/org/apache/tomcat/tomcat-jsp-api/10.0.27/tomcat-jsp-api-10.0.27.jar
2023-10-31 23:09:37,996 [AetherRepositoryConnector-repo.maven.apache.org-2-2] INFO  o.e.m.c.i.e.AbstractTransferListenerAdapter - Downloading https://repo.maven.apache.org/maven2/org/apache/tomcat/tomcat-annotations-api/10.0.27/tomcat-annotations-api-10.0.27.jar
2023-10-31 23:09:38,157 [AetherRepositoryConnector-repo.maven.apache.org-2-4] INFO  o.e.m.c.i.e.AbstractTransferListenerAdapter - Downloaded https://repo.maven.apache.org/maven2/org/apache/tomcat/tomcat-juli/10.0.27/tomcat-juli-10.0.27.jar
2023-10-31 23:09:38,948 [AetherRepositoryConnector-repo.maven.apache.org-2-4] INFO  o.e.m.c.i.e.AbstractTransferListenerAdapter - Downloading https://repo.maven.apache.org/maven2/org/apache/tomcat/tomcat-api/10.0.27/tomcat-api-10.0.27.jar
2023-10-31 23:09:38,999 [AetherRepositoryConnector-repo.maven.apache.org-2-2] INFO  o.e.m.c.i.e.AbstractTransferListenerAdapter - Downloaded https://repo.maven.apache.org/maven2/org/apache/tomcat/tomcat-annotations-api/10.0.27/tomcat-annotations-api-10.0.27.jar
2023-10-31 23:09:39,518 [AetherRepositoryConnector-repo.maven.apache.org-2-3] INFO  o.e.m.c.i.e.AbstractTransferListenerAdapter - Downloaded https://repo.maven.apache.org/maven2/org/apache/tomcat/tomcat-el-api/10.0.27/tomcat-el-api-10.0.27.jar
2023-10-31 23:09:39,779 [AetherRepositoryConnector-repo.maven.apache.org-2-2] INFO  o.e.m.c.i.e.AbstractTransferListenerAdapter - Downloading https://repo.maven.apache.org/maven2/org/apache/tomcat/tomcat-jni/10.0.27/tomcat-jni-10.0.27.jar
2023-10-31 23:09:39,785 [AetherRepositoryConnector-repo.maven.apache.org-2-4] INFO  o.e.m.c.i.e.AbstractTransferListenerAdapter - Downloaded https://repo.maven.apache.org/maven2/org/apache/tomcat/tomcat-api/10.0.27/tomcat-api-10.0.27.jar
2023-10-31 23:09:40,032 [AetherRepositoryConnector-repo.maven.apache.org-2-3] INFO  o.e.m.c.i.e.AbstractTransferListenerAdapter - Downloading https://repo.maven.apache.org/maven2/org/apache/tomcat/tomcat-coyote/10.0.27/tomcat-coyote-10.0.27.jar
2023-10-31 23:09:40,219 [AetherRepositoryConnector-repo.maven.apache.org-2-4] INFO  o.e.m.c.i.e.AbstractTransferListenerAdapter - Downloading https://repo.maven.apache.org/maven2/org/apache/tomcat/tomcat-util/10.0.27/tomcat-util-10.0.27.jar
2023-10-31 23:09:40,350 [AetherRepositoryConnector-repo.maven.apache.org-2-2] INFO  o.e.m.c.i.e.AbstractTransferListenerAdapter - Downloaded https://repo.maven.apache.org/maven2/org/apache/tomcat/tomcat-jni/10.0.27/tomcat-jni-10.0.27.jar
2023-10-31 23:09:40,350 [AetherRepositoryConnector-repo.maven.apache.org-2-1] INFO  o.e.m.c.i.e.AbstractTransferListenerAdapter - Downloaded https://repo.maven.apache.org/maven2/org/apache/tomcat/tomcat-servlet-api/10.0.27/tomcat-servlet-api-10.0.27.jar
2023-10-31 23:09:40,554 [AetherRepositoryConnector-repo.maven.apache.org-2-1] INFO  o.e.m.c.i.e.AbstractTransferListenerAdapter - Downloading https://repo.maven.apache.org/maven2/org/apache/tomcat/tomcat-util-scan/10.0.27/tomcat-util-scan-10.0.27.jar
2023-10-31 23:09:40,554 [AetherRepositoryConnector-repo.maven.apache.org-2-2] INFO  o.e.m.c.i.e.AbstractTransferListenerAdapter - Downloading https://repo.maven.apache.org/maven2/org/apache/tomcat/tomcat-jaspic-api/10.0.27/tomcat-jaspic-api-10.0.27.jar
2023-10-31 23:09:41,224 [AetherRepositoryConnector-repo.maven.apache.org-2-4] INFO  o.e.m.c.i.e.AbstractTransferListenerAdapter - Downloaded https://repo.maven.apache.org/maven2/org/apache/tomcat/tomcat-util/10.0.27/tomcat-util-10.0.27.jar
2023-10-31 23:09:41,224 [AetherRepositoryConnector-repo.maven.apache.org-2-2] INFO  o.e.m.c.i.e.AbstractTransferListenerAdapter - Downloaded https://repo.maven.apache.org/maven2/org/apache/tomcat/tomcat-jaspic-api/10.0.27/tomcat-jaspic-api-10.0.27.jar
2023-10-31 23:09:42,040 [AetherRepositoryConnector-repo.maven.apache.org-2-1] INFO  o.e.m.c.i.e.AbstractTransferListenerAdapter - Downloaded https://repo.maven.apache.org/maven2/org/apache/tomcat/tomcat-util-scan/10.0.27/tomcat-util-scan-10.0.27.jar
2023-10-31 23:09:43,039 [AetherRepositoryConnector-repo.maven.apache.org-2-3] INFO  o.e.m.c.i.e.AbstractTransferListenerAdapter - Downloaded https://repo.maven.apache.org/maven2/org/apache/tomcat/tomcat-coyote/10.0.27/tomcat-coyote-10.0.27.jar
2023-10-31 23:09:43,250 [AetherRepositoryConnector-repo.maven.apache.org-2-0] INFO  o.e.m.c.i.e.AbstractTransferListenerAdapter - Downloaded https://repo.maven.apache.org/maven2/org/apache/tomcat/tomcat-catalina/10.0.27/tomcat-catalina-10.0.27.jar
2023-10-31 23:09:43,900 [Worker-8: Building] INFO  o.a.m.s.f.DefaultMavenResourcesFiltering - skip non existing resourceDirectory C:\Users\rezgu\OneDrive\Desktop\java exercices\my.firstIdea\src\main\resources
2023-10-31 23:09:43,905 [Worker-8: Building] INFO  o.a.m.s.f.DefaultMavenResourcesFiltering - skip non existing resourceDirectory C:\Users\rezgu\OneDrive\Desktop\java exercices\my.firstIdea\src\test\resources
2023-10-31 23:09:45,098 [Worker-15: Download sources and javadoc] INFO  o.e.m.c.i.e.AbstractTransferListenerAdapter - Downloading https://repo.maven.apache.org/maven2/org/apache/tomcat/tomcat-catalina/10.0.27/tomcat-catalina-10.0.27-sources.jar
2023-10-31 23:09:45,500 [Worker-22: Building] INFO  o.e.m.c.i.l.LifecycleMappingFactory - Using org.eclipse.m2e.jdt.JarLifecycleMapping lifecycle mapping for MavenProject: org.projects.one:my.firstIdea:0.0.1-SNAPSHOT @ C:\Users\rezgu\OneDrive\Desktop\java exercices\my.firstIdea\pom.xml.
2023-10-31 23:09:46,940 [Worker-15: Download sources and javadoc] INFO  o.e.m.c.i.e.AbstractTransferListenerAdapter - Downloaded https://repo.maven.apache.org/maven2/org/apache/tomcat/tomcat-catalina/10.0.27/tomcat-catalina-10.0.27-sources.jar
2023-10-31 23:09:46,952 [Worker-15: Download sources and javadoc] INFO  o.e.m.j.internal.DownloadSourcesJob - Downloaded sources for org.apache.tomcat:tomcat-catalina:10.0.27
2023-10-31 23:09:47,260 [Worker-15: Download sources and javadoc] INFO  o.e.m.c.i.e.AbstractTransferListenerAdapter - Downloading https://repo.maven.apache.org/maven2/org/apache/tomcat/tomcat-servlet-api/10.0.27/tomcat-servlet-api-10.0.27-sources.jar
2023-10-31 23:09:47,817 [Worker-15: Download sources and javadoc] INFO  o.e.m.c.i.e.AbstractTransferListenerAdapter - Downloaded https://repo.maven.apache.org/maven2/org/apache/tomcat/tomcat-servlet-api/10.0.27/tomcat-servlet-api-10.0.27-sources.jar
2023-10-31 23:09:47,826 [Worker-15: Download sources and javadoc] INFO  o.e.m.j.internal.DownloadSourcesJob - Downloaded sources for org.apache.tomcat:tomcat-servlet-api:10.0.27
2023-10-31 23:09:48,136 [Worker-15: Download sources and javadoc] INFO  o.e.m.c.i.e.AbstractTransferListenerAdapter - Downloading https://repo.maven.apache.org/maven2/org/apache/tomcat/tomcat-jsp-api/10.0.27/tomcat-jsp-api-10.0.27-sources.jar
2023-10-31 23:09:48,362 [Worker-22: Building] INFO  o.a.m.s.f.DefaultMavenResourcesFiltering - skip non existing resourceDirectory C:\Users\rezgu\OneDrive\Desktop\java exercices\my.firstIdea\src\main\resources
2023-10-31 23:09:48,367 [Worker-22: Building] INFO  o.a.m.s.f.DefaultMavenResourcesFiltering - skip non existing resourceDirectory C:\Users\rezgu\OneDrive\Desktop\java exercices\my.firstIdea\src\test\resources
2023-10-31 23:09:48,439 [Worker-15: Download sources and javadoc] INFO  o.e.m.c.i.e.AbstractTransferListenerAdapter - Downloaded https://repo.maven.apache.org/maven2/org/apache/tomcat/tomcat-jsp-api/10.0.27/tomcat-jsp-api-10.0.27-sources.jar
2023-10-31 23:09:48,447 [Worker-15: Download sources and javadoc] INFO  o.e.m.j.internal.DownloadSourcesJob - Downloaded sources for org.apache.tomcat:tomcat-jsp-api:10.0.27
2023-10-31 23:09:48,759 [Worker-15: Download sources and javadoc] INFO  o.e.m.c.i.e.AbstractTransferListenerAdapter - Downloading https://repo.maven.apache.org/maven2/org/apache/tomcat/tomcat-el-api/10.0.27/tomcat-el-api-10.0.27-sources.jar
2023-10-31 23:09:49,022 [Worker-15: Download sources and javadoc] INFO  o.e.m.c.i.e.AbstractTransferListenerAdapter - Downloaded https://repo.maven.apache.org/maven2/org/apache/tomcat/tomcat-el-api/10.0.27/tomcat-el-api-10.0.27-sources.jar
2023-10-31 23:09:49,032 [Worker-15: Download sources and javadoc] INFO  o.e.m.j.internal.DownloadSourcesJob - Downloaded sources for org.apache.tomcat:tomcat-el-api:10.0.27
2023-10-31 23:09:49,376 [Worker-15: Download sources and javadoc] INFO  o.e.m.c.i.e.AbstractTransferListenerAdapter - Downloading https://repo.maven.apache.org/maven2/org/apache/tomcat/tomcat-juli/10.0.27/tomcat-juli-10.0.27-sources.jar
2023-10-31 23:09:49,626 [Worker-15: Download sources and javadoc] INFO  o.e.m.c.i.e.AbstractTransferListenerAdapter - Downloaded https://repo.maven.apache.org/maven2/org/apache/tomcat/tomcat-juli/10.0.27/tomcat-juli-10.0.27-sources.jar
2023-10-31 23:09:49,634 [Worker-15: Download sources and javadoc] INFO  o.e.m.j.internal.DownloadSourcesJob - Downloaded sources for org.apache.tomcat:tomcat-juli:10.0.27
2023-10-31 23:09:49,938 [Worker-15: Download sources and javadoc] INFO  o.e.m.c.i.e.AbstractTransferListenerAdapter - Downloading https://repo.maven.apache.org/maven2/org/apache/tomcat/tomcat-annotations-api/10.0.27/tomcat-annotations-api-10.0.27-sources.jar
2023-10-31 23:09:50,278 [Worker-15: Download sources and javadoc] INFO  o.e.m.c.i.e.AbstractTransferListenerAdapter - Downloaded https://repo.maven.apache.org/maven2/org/apache/tomcat/tomcat-annotations-api/10.0.27/tomcat-annotations-api-10.0.27-sources.jar
2023-10-31 23:09:50,287 [Worker-15: Download sources and javadoc] INFO  o.e.m.j.internal.DownloadSourcesJob - Downloaded sources for org.apache.tomcat:tomcat-annotations-api:10.0.27
2023-10-31 23:09:50,691 [Worker-15: Download sources and javadoc] INFO  o.e.m.c.i.e.AbstractTransferListenerAdapter - Downloading https://repo.maven.apache.org/maven2/org/apache/tomcat/tomcat-api/10.0.27/tomcat-api-10.0.27-sources.jar
2023-10-31 23:09:50,901 [Worker-15: Download sources and javadoc] INFO  o.e.m.c.i.e.AbstractTransferListenerAdapter - Downloaded https://repo.maven.apache.org/maven2/org/apache/tomcat/tomcat-api/10.0.27/tomcat-api-10.0.27-sources.jar
2023-10-31 23:09:50,909 [Worker-15: Download sources and javadoc] INFO  o.e.m.j.internal.DownloadSourcesJob - Downloaded sources for org.apache.tomcat:tomcat-api:10.0.27
2023-10-31 23:09:51,336 [Worker-15: Download sources and javadoc] INFO  o.e.m.c.i.e.AbstractTransferListenerAdapter - Downloading https://repo.maven.apache.org/maven2/org/apache/tomcat/tomcat-jni/10.0.27/tomcat-jni-10.0.27-sources.jar
2023-10-31 23:09:51,610 [Worker-15: Download sources and javadoc] INFO  o.e.m.c.i.e.AbstractTransferListenerAdapter - Downloaded https://repo.maven.apache.org/maven2/org/apache/tomcat/tomcat-jni/10.0.27/tomcat-jni-10.0.27-sources.jar
2023-10-31 23:09:51,619 [Worker-15: Download sources and javadoc] INFO  o.e.m.j.internal.DownloadSourcesJob - Downloaded sources for org.apache.tomcat:tomcat-jni:10.0.27
2023-10-31 23:09:51,933 [Worker-15: Download sources and javadoc] INFO  o.e.m.c.i.e.AbstractTransferListenerAdapter - Downloading https://repo.maven.apache.org/maven2/org/apache/tomcat/tomcat-coyote/10.0.27/tomcat-coyote-10.0.27-sources.jar
2023-10-31 23:09:53,097 [Worker-15: Download sources and javadoc] INFO  o.e.m.c.i.e.AbstractTransferListenerAdapter - Downloaded https://repo.maven.apache.org/maven2/org/apache/tomcat/tomcat-coyote/10.0.27/tomcat-coyote-10.0.27-sources.jar
2023-10-31 23:09:53,105 [Worker-15: Download sources and javadoc] INFO  o.e.m.j.internal.DownloadSourcesJob - Downloaded sources for org.apache.tomcat:tomcat-coyote:10.0.27
2023-10-31 23:09:53,412 [Worker-15: Download sources and javadoc] INFO  o.e.m.c.i.e.AbstractTransferListenerAdapter - Downloading https://repo.maven.apache.org/maven2/org/apache/tomcat/tomcat-util/10.0.27/tomcat-util-10.0.27-sources.jar
2023-10-31 23:09:53,917 [Worker-15: Download sources and javadoc] INFO  o.e.m.c.i.e.AbstractTransferListenerAdapter - Downloaded https://repo.maven.apache.org/maven2/org/apache/tomcat/tomcat-util/10.0.27/tomcat-util-10.0.27-sources.jar
2023-10-31 23:09:53,926 [Worker-15: Download sources and javadoc] INFO  o.e.m.j.internal.DownloadSourcesJob - Downloaded sources for org.apache.tomcat:tomcat-util:10.0.27
2023-10-31 23:09:54,209 [Worker-15: Download sources and javadoc] INFO  o.e.m.c.i.e.AbstractTransferListenerAdapter - Downloading https://repo.maven.apache.org/maven2/org/apache/tomcat/tomcat-util-scan/10.0.27/tomcat-util-scan-10.0.27-sources.jar
2023-10-31 23:09:54,674 [Worker-15: Download sources and javadoc] INFO  o.e.m.c.i.e.AbstractTransferListenerAdapter - Downloaded https://repo.maven.apache.org/maven2/org/apache/tomcat/tomcat-util-scan/10.0.27/tomcat-util-scan-10.0.27-sources.jar
2023-10-31 23:09:54,683 [Worker-15: Download sources and javadoc] INFO  o.e.m.j.internal.DownloadSourcesJob - Downloaded sources for org.apache.tomcat:tomcat-util-scan:10.0.27
2023-10-31 23:09:55,005 [Worker-15: Download sources and javadoc] INFO  o.e.m.c.i.e.AbstractTransferListenerAdapter - Downloading https://repo.maven.apache.org/maven2/org/apache/tomcat/tomcat-jaspic-api/10.0.27/tomcat-jaspic-api-10.0.27-sources.jar
2023-10-31 23:09:55,223 [Worker-15: Download sources and javadoc] INFO  o.e.m.c.i.e.AbstractTransferListenerAdapter - Downloaded https://repo.maven.apache.org/maven2/org/apache/tomcat/tomcat-jaspic-api/10.0.27/tomcat-jaspic-api-10.0.27-sources.jar
2023-10-31 23:09:55,231 [Worker-15: Download sources and javadoc] INFO  o.e.m.j.internal.DownloadSourcesJob - Downloaded sources for org.apache.tomcat:tomcat-jaspic-api:10.0.27
2023-10-31 23:09:57,426 [Worker-22: Updating Maven Project] INFO  o.e.m.c.i.p.ProjectConfigurationManager - Update started
2023-10-31 23:09:57,732 [Worker-22: Updating Maven Project] INFO  o.e.m.c.i.l.LifecycleMappingFactory - Using org.eclipse.m2e.jdt.JarLifecycleMapping lifecycle mapping for MavenProject: org.projects.one:my.firstIdea:0.0.1-SNAPSHOT @ C:\Users\rezgu\OneDrive\Desktop\java exercices\my.firstIdea\pom.xml.
2023-10-31 23:09:58,091 [Worker-22: Updating Maven Project] INFO  o.e.m.j.i.AbstractJavaProjectConfigurator - Adding source folder /my.firstIdea/src/main/java
2023-10-31 23:09:58,091 [Worker-22: Updating Maven Project] INFO  o.e.m.j.i.AbstractJavaProjectConfigurator - Adding resource folder /my.firstIdea/src/main/resources
2023-10-31 23:09:58,091 [Worker-22: Updating Maven Project] INFO  o.e.m.j.i.AbstractJavaProjectConfigurator - Adding source folder /my.firstIdea/src/test/java
2023-10-31 23:09:58,091 [Worker-22: Updating Maven Project] INFO  o.e.m.j.i.AbstractJavaProjectConfigurator - Adding resource folder /my.firstIdea/src/test/resources
2023-10-31 23:09:58,339 [Worker-22: Updating Maven Project] INFO  o.e.m.c.i.p.ProjectConfigurationManager - Update completed for 1 poms: local refresh takes 0,00 sec, refresh facades takes 0,00 sec, update config takes 0,00 sec 
2023-10-31 23:09:58,602 [Worker-17: Building] INFO  o.a.m.s.f.DefaultMavenResourcesFiltering - skip non existing resourceDirectory C:\Users\rezgu\OneDrive\Desktop\java exercices\my.firstIdea\src\main\resources
2023-10-31 23:09:58,608 [Worker-17: Building] INFO  o.a.m.s.f.DefaultMavenResourcesFiltering - skip non existing resourceDirectory C:\Users\rezgu\OneDrive\Desktop\java exercices\my.firstIdea\src\test\resources
2023-10-31 23:11:06,315 [Worker-19: Building] INFO  o.e.m.c.i.l.LifecycleMappingFactory - Using org.eclipse.m2e.jdt.JarLifecycleMapping lifecycle mapping for MavenProject: org.projects.one:my.firstIdea:0.0.1-SNAPSHOT @ C:\Users\rezgu\OneDrive\Desktop\java exercices\my.firstIdea\pom.xml.
2023-10-31 23:11:07,206 [Worker-19: Building] INFO  o.a.m.s.f.DefaultMavenResourcesFiltering - skip non existing resourceDirectory C:\Users\rezgu\OneDrive\Desktop\java exercices\my.firstIdea\src\main\resources
2023-10-31 23:11:07,218 [Worker-19: Building] INFO  o.a.m.s.f.DefaultMavenResourcesFiltering - skip non existing resourceDirectory C:\Users\rezgu\OneDrive\Desktop\java exercices\my.firstIdea\src\test\resources
2023-10-31 23:11:15,132 [Worker-18: Updating Maven Project] INFO  o.e.m.c.i.p.ProjectConfigurationManager - Update started
2023-10-31 23:11:15,465 [Worker-18: Updating Maven Project] INFO  o.e.m.c.i.l.LifecycleMappingFactory - Using org.eclipse.m2e.jdt.JarLifecycleMapping lifecycle mapping for MavenProject: org.projects.one:my.firstIdea:0.0.1-SNAPSHOT @ C:\Users\rezgu\OneDrive\Desktop\java exercices\my.firstIdea\pom.xml.
2023-10-31 23:11:15,868 [Worker-18: Updating Maven Project] INFO  o.e.m.j.i.AbstractJavaProjectConfigurator - Adding source folder /my.firstIdea/src/main/java
2023-10-31 23:11:15,869 [Worker-18: Updating Maven Project] INFO  o.e.m.j.i.AbstractJavaProjectConfigurator - Adding resource folder /my.firstIdea/src/main/resources
2023-10-31 23:11:15,869 [Worker-18: Updating Maven Project] INFO  o.e.m.j.i.AbstractJavaProjectConfigurator - Adding source folder /my.firstIdea/src/test/java
2023-10-31 23:11:15,870 [Worker-18: Updating Maven Project] INFO  o.e.m.j.i.AbstractJavaProjectConfigurator - Adding resource folder /my.firstIdea/src/test/resources
2023-10-31 23:11:16,234 [Worker-18: Updating Maven Project] INFO  o.e.m.c.i.p.ProjectConfigurationManager - Update completed for 1 poms: local refresh takes 0,00 sec, refresh facades takes 0,00 sec, update config takes 0,00 sec 
2023-10-31 23:11:16,417 [Worker-20: Building] INFO  o.a.m.s.f.DefaultMavenResourcesFiltering - skip non existing resourceDirectory C:\Users\rezgu\OneDrive\Desktop\java exercices\my.firstIdea\src\main\resources
2023-10-31 23:11:16,422 [Worker-20: Building] INFO  o.a.m.s.f.DefaultMavenResourcesFiltering - skip non existing resourceDirectory C:\Users\rezgu\OneDrive\Desktop\java exercices\my.firstIdea\src\test\resources
2023-10-31 23:14:06,641 [Worker-25: Building] INFO  o.e.m.c.i.l.LifecycleMappingFactory - Using org.eclipse.m2e.jdt.JarLifecycleMapping lifecycle mapping for MavenProject: org.projects.one:my.firstIdea:0.0.1-SNAPSHOT @ C:\Users\rezgu\OneDrive\Desktop\java exercices\my.firstIdea\pom.xml.
2023-10-31 23:14:06,918 [Worker-25: Building] INFO  o.a.m.s.f.DefaultMavenResourcesFiltering - skip non existing resourceDirectory C:\Users\rezgu\OneDrive\Desktop\java exercices\my.firstIdea\src\main\resources
2023-10-31 23:14:06,923 [Worker-25: Building] INFO  o.a.m.s.f.DefaultMavenResourcesFiltering - skip non existing resourceDirectory C:\Users\rezgu\OneDrive\Desktop\java exercices\my.firstIdea\src\test\resources
2023-10-31 23:15:54,960 [Worker-27: Updating Maven Project] INFO  o.e.m.c.i.p.ProjectConfigurationManager - Update started
2023-10-31 23:15:55,154 [Worker-27: Updating Maven Project] INFO  o.e.m.c.i.l.LifecycleMappingFactory - Using org.eclipse.m2e.jdt.JarLifecycleMapping lifecycle mapping for MavenProject: org.projects.one:my.firstIdea:0.0.1-SNAPSHOT @ C:\Users\rezgu\OneDrive\Desktop\java exercices\my.firstIdea\pom.xml.
2023-10-31 23:15:55,640 [Worker-27: Updating Maven Project] INFO  o.e.m.j.i.AbstractJavaProjectConfigurator - Adding source folder /my.firstIdea/src/main/java
2023-10-31 23:15:55,640 [Worker-27: Updating Maven Project] INFO  o.e.m.j.i.AbstractJavaProjectConfigurator - Adding resource folder /my.firstIdea/src/main/resources
2023-10-31 23:15:55,640 [Worker-27: Updating Maven Project] INFO  o.e.m.j.i.AbstractJavaProjectConfigurator - Adding source folder /my.firstIdea/src/test/java
2023-10-31 23:15:55,641 [Worker-27: Updating Maven Project] INFO  o.e.m.j.i.AbstractJavaProjectConfigurator - Adding resource folder /my.firstIdea/src/test/resources
2023-10-31 23:15:55,805 [Worker-27: Updating Maven Project] INFO  o.e.m.c.i.p.ProjectConfigurationManager - Update completed for 1 poms: local refresh takes 0,00 sec, refresh facades takes 0,00 sec, update config takes 0,00 sec 
2023-10-31 23:15:56,028 [Worker-27: Building] INFO  o.a.m.s.f.DefaultMavenResourcesFiltering - skip non existing resourceDirectory C:\Users\rezgu\OneDrive\Desktop\java exercices\my.firstIdea\src\main\resources
2023-10-31 23:15:56,032 [Worker-27: Building] INFO  o.a.m.s.f.DefaultMavenResourcesFiltering - skip non existing resourceDirectory C:\Users\rezgu\OneDrive\Desktop\java exercices\my.firstIdea\src\test\resources
2023-11-02 00:30:05,791 [Worker-2: Loading available Gradle versions] INFO  o.e.b.c.i.u.g.PublishedGradleVersions - Gradle version information cache is out-of-date. Trying to update.
2023-11-02 00:35:35,588 [Worker-2: Loading available Gradle versions] INFO  o.e.b.c.i.u.g.PublishedGradleVersions - Gradle version information cache is up-to-date. Trying to read.
